<?xml version="1.0" encoding="UTF-8"?>
<!-- Generated by org.testng.reporters.JUnitXMLReporter -->
<testsuite ignored="0" hostname="Danielas-MacBook-Air.local" failures="0" tests="4" name="OpenCart Tests" time="48.07" errors="0" timestamp="2022-03-31T17:06:51 MDT">
  <testcase classname="testCases.TC_003_LoginDDT" name="test_LoginDDT" time="4.68"/>
  <testcase classname="testCases.TC_003_LoginDDT" name="test_LoginDDT" time="11.959"/>
  <testcase classname="testCases.TC_003_LoginDDT" name="test_LoginDDT" time="11.803"/>
  <testcase classname="testCases.TC_003_LoginDDT" name="test_LoginDDT" time="11.853"/>
</testsuite> <!-- OpenCart Tests -->
